<?xml version="1.0" encoding="UTF-8"?>
<!-- Generated by org.testng.reporters.JUnitReportReporter -->
<testsuite hostname="admin-PC" name="HomePageTest" tests="1" failures="0" timestamp="25 Nov 2018 14:59:09 GMT" time="23.804" errors="0">
  <testcase name="verifyAllElementsPresent" time="23.804" classname="HomePageTest"/>
</testsuite> <!-- HomePageTest -->
